Flutter crash report.
Please report a bug at https://github.com/flutter/flutter/issues.

## command

flutter analyze lib/services/ad_config_service.dart lib/services/firebase_service.dart

## exception

_Exception: Exception: analysis server exited with code 64 and output:
[stderr]     --enable-analytics      Enable analytics.
[stderr]     --disable-analytics     Disable analytics.
[stderr]     --suppress-analytics    Disallow analytics for this `dart *` run without changing the analytics configuration.
[stderr] -h, --help                  Print this usage information.
[stderr] 
[stderr] Available commands:
[stderr]   analyze    Analyze Dart code in a directory.
[stderr]   compile    Compile Dart to various formats.
[stderr]   create     Create a new Dart project.
[stderr]   devtools   Open DevTools (optionally connecting to an existing application).
[stderr]   doc        Generate API documentation for Dart projects.
[stderr]   fix        Apply automated fixes to Dart source code.
[stderr]   format     Idiomatically format Dart source code.
[stderr]   info       Show diagnostic information about the installed tooling.
[stderr]   pub        Work with packages.
[stderr]   run        Run a Dart program.
[stderr]   test       Run tests for a project.
[stderr] 
[stderr] Run "dart help <command>" for more information about a command.
[stderr] See https://dart.dev/tools/dart-tool for detailed documentation.

```
```

## flutter doctor

```
[!] Flutter (Channel stable, 3.32.5, on macOS 15.5 24F74 darwin-arm64, locale en-IL) [2.5s]
    • Flutter version 3.32.5 on channel stable at /Users/admin/Documents/flutter
    ! Warning: `dart` on your path resolves to /opt/homebrew/Cellar/dart/3.8.1/libexec/bin/dart, which is not inside your current Flutter SDK checkout at /Users/admin/Documents/flutter. Consider adding /Users/admin/Documents/flutter/bin to the front of your path.
    • Upstream repository https://github.com/flutter/flutter.git
    • Framework revision fcf2c11572 (4 months ago), 2025-06-24 11:44:07 -0700
    • Engine revision dd93de6fb1
    • Dart version 3.8.1
    • DevTools version 2.45.1
    • If those were intentional, you can disregard the above warnings; however it is recommended to use "git" directly to perform update checks and upgrades.

[✓] Android toolchain - develop for Android devices (Android SDK version 36.1.0) [5.0s]
    • Android SDK at /Users/admin/Library/Android/sdk
    • Platform android-36, build-tools 36.1.0
    • ANDROID_HOME = /Users/admin/Library/Android/sdk
    • ANDROID_SDK_ROOT = /Users/admin/Documents/android-sdk
    • Java binary at: /Library/Java/JavaVirtualMachines/jdk-17.jdk/Contents/Home/bin/java
      This JDK is specified in your Flutter configuration.
      To change the current JDK, run: `flutter config --jdk-dir="path/to/jdk"`.
    • Java version Java(TM) SE Runtime Environment (build 17.0.12+8-LTS-286)
    • All Android licenses accepted.

[✓] Xcode - develop for iOS and macOS (Xcode 16.4) [3.6s]
    • Xcode at /Applications/Xcode.app/Contents/Developer
    • Build 16F6
    • CocoaPods version 1.16.2

[✓] Chrome - develop for the web [15ms]
    • Chrome at /Applications/Google Chrome.app/Contents/MacOS/Google Chrome

[✓] Android Studio (version 2025.1) [14ms]
    • Android Studio at /Applications/Android Studio.app/Contents
    • Flutter plugin can be installed from:
      🔨 https://plugins.jetbrains.com/plugin/9212-flutter
    • Dart plugin can be installed from:
      🔨 https://plugins.jetbrains.com/plugin/6351-dart
    • android-studio-dir = /Applications/Android Studio.app
    • Java version OpenJDK Runtime Environment (build 21.0.6+-13391695-b895.109)

[✓] Connected device (4 available) [9.1s]
    • iPhone Dima (wireless) (mobile) • 00008120-000278D10139A01E            • ios            • iOS 18.5 22F76
    • iPhone 16 (mobile)              • 137578B9-4003-476C-8D06-3CAC36BDB98B • ios            • com.apple.CoreSimulator.SimRuntime.iOS-18-2 (simulator)
    • macOS (desktop)                 • macos                                • darwin-arm64   • macOS 15.5 24F74 darwin-arm64
    • Chrome (web)                    • chrome                               • web-javascript • Google Chrome 141.0.7390.123
    ! Error: Browsing on the local area network for Dima Iphone. Ensure the device is unlocked and attached with a cable or associated with the same local area network as this Mac.
      The device must be opted into Developer Mode to connect wirelessly. (code -27)

[✓] Network resources [1,153ms]
    • All expected network resources are available.

! Doctor found issues in 1 category.
```
